4987
0 0 7 0
0 1 9 1
0 2 1 5
0 6 8 6
0 7 1 11
0 12 1 15
0 16 3 17
0 18 3 19
0 20 7 20
0 21 1 24
0 25 7 25
0 26 3 27
0 28 8 28
0 29 7 29
0 30 7 30
0 31 7 31
0 32 2 34
0 35 0 44
0 45 3 46
0 47 7 47
0 48 1 51
0 52 7 52
0 53 1 56
0 57 7 57
0 58 8 58
0 59 7 59
0 60 7 60
0 61 8 61
0 62 7 62
0 63 8 63
0 64 8 64
0 65 3 66
0 67 3 68
0 69 0 76
0 77 7 77
0 78 1 81
0 82 0 89
0 90 3 91
0 92 3 93
0 94 7 94
0 95 11 95
0 96 3 97
0 98 8 98
0 99 7 99
0 100 0 107
0 108 2 110
0 111 3 112
0 113 7 113
0 114 2 116
0 117 7 117
0 118 3 119
0 120 8 120
0 121 1 125
0 126 0 134
0 135 0 143
0 144 0 151
0 152 8 152
0 153 7 153
0 154 7 154
0 155 0 164
0 165 0 173
0 174 3 175
0 176 3 177
0 178 7 178
0 179 1 182
0 183 7 183
0 184 7 184
0 185 3 186
0 187 8 187
0 188 8 188
0 189 7 189
0 190 3 191
0 192 7 192
0 193 4 194
0 195 10 195
0 196 0 205
0 206 7 206
0 207 7 207
0 208 0 215
0 216 3 217
0 218 7 218
0 219 1 222
0 223 3 224
0 225 8 225
0 226 0 234
0 235 8 235
0 236 2 238
0 239 1 242
0 243 7 243
0 244 7 244
0 245 3 246
0 247 7 247
0 248 9 248
0 249 9 249
1 35 1 42
1 43 8 43
1 44 9 44
1 71 9 71
1 72 11 72
1 73 9 73
1 74 8 74
1 75 10 75
1 76 8 76
1 82 8 82
1 83 3 85
1 86 4 87
1 88 10 88
1 89 9 89
1 100 8 100
1 101 8 101
1 102 4 103
1 104 12 104
1 105 3 107
1 126 4 127
1 128 3 130
1 131 8 131
1 132 9 132
1 133 8 133
1 134 4 135
1 136 9 136
1 137 3 139
1 140 8 140
1 141 1 148
1 149 11 149
1 150 10 150
1 151 9 151
1 155 3 157
1 158 8 158
1 159 3 161
1 162 4 163
1 164 4 165
1 166 8 166
1 167 9 167
1 168 4 169
1 170 8 170
1 171 11 171
1 172 4 173
1 196 10 196
1 197 9 197
1 198 9 198
1 199 8 199
1 200 2 204
1 205 8 205
1 208 8 208
1 209 4 210
1 211 2 214
1 215 10 215
1 226 3 228
1 229 8 229
1 230 4 231
1 232 8 232
1 233 10 233
1 234 9 234
2 2 4 4
2 5 10 5
2 7 10 7
2 8 10 8
2 9 3 12
2 13 9 13
2 14 9 14
2 15 10 15
2 21 9 21
2 22 5 23
2 24 11 24
2 35 4 37
2 38 10 38
2 39 9 39
2 40 11 40
2 41 9 41
2 42 10 42
2 48 9 48
2 49 10 49
2 50 12 50
2 51 11 51
2 53 9 53
2 54 4 56
2 78 10 78
2 79 4 81
2 121 10 121
2 122 3 125
2 141 3 144
2 145 4 147
2 148 9 148
2 179 5 180
2 181 9 181
2 219 3 222
2 239 12 239
2 240 9 240
2 241 6 242
3 32 6 33
3 34 11 34
3 69 14 69
3 108 6 109
3 114 6 115
3 116 12 116
3 182 14 182
3 200 11 200
3 201 10 201
3 202 12 202
3 203 13 203
3 204 10 204
3 211 5 214
3 236 12 236
3 237 12 237
3 238 14 238
4 9 7 10
4 11 11 11
4 12 15 12
4 16 12 16
4 17 6 19
4 26 8 27
4 45 12 45
4 46 12 46
4 65 7 66
4 67 8 68
4 83 12 83
4 84 11 84
4 85 11 85
4 90 5 93
4 96 8 97
4 105 12 105
4 106 13 106
4 107 12 107
4 111 15 111
4 112 14 112
4 118 7 119
4 122 7 123
4 124 8 125
4 128 11 128
4 129 8 130
4 137 7 138
4 139 14 139
4 141 15 141
4 142 13 142
4 143 14 143
4 144 12 144
4 155 12 155
4 156 8 157
4 159 8 160
4 161 12 161
4 174 7 176
4 177 11 177
4 185 13 185
4 186 12 186
4 190 11 190
4 191 15 191
4 217 12 217
4 219 11 219
4 220 12 220
4 221 7 222
4 223 8 224
4 226 9 227
4 228 11 228
4 245 11 245
4 246 11 246
5 2 12 2
5 3 12 3
5 4 16 4
5 35 13 35
5 36 15 36
5 54 14 54
5 55 8 56
5 79 7 81
5 86 14 86
5 87 15 87
5 102 14 102
5 103 16 103
5 110 16 110
5 126 14 126
5 127 12 127
5 134 13 134
5 135 14 135
5 146 12 146
5 162 14 162
5 163 12 163
5 164 8 165
5 168 12 168
5 169 14 169
5 172 13 172
5 173 13 173
5 193 12 193
5 194 12 194
5 209 8 210
5 230 13 230
5 231 12 231
6 22 14 22
6 90 16 90
6 91 15 91
6 92 14 92
6 145 17 145
6 180 15 180
6 211 9 212
6 213 9 214
7 17 9 19
7 32 14 32
7 33 14 33
7 70 18 70
7 108 18 108
7 109 17 109
7 114 10 115
7 216 18 216
7 241 12 242
8 0 16 0
8 9 13 10
8 20 15 20
8 25 16 25
8 29 16 29
8 30 16 30
8 31 16 31
8 47 17 47
8 52 16 52
8 57 16 57
8 59 15 59
8 60 16 60
8 62 15 62
8 65 11 66
8 77 16 77
8 79 11 80
8 81 18 81
8 94 18 94
8 99 17 99
8 113 19 113
8 117 11 118
8 119 16 119
8 122 15 122
8 123 17 123
8 137 16 137
8 138 15 138
8 153 16 153
8 154 19 154
8 174 11 175
8 176 19 176
8 183 12 184
8 189 15 189
8 192 15 192
8 206 11 207
8 218 15 218
8 221 18 221
8 222 19 222
8 243 17 243
8 244 15 244
8 247 16 247
9 6 18 6
9 26 18 26
9 27 16 27
9 28 20 28
9 37 20 37
9 43 17 43
9 55 17 55
9 56 17 56
9 58 17 58
9 61 17 61
9 63 18 63
9 64 16 64
9 67 12 68
9 74 17 74
9 76 17 76
9 93 20 93
9 96 11 98
9 100 13 101
9 120 20 120
9 124 18 124
9 125 17 125
9 130 16 130
9 131 16 131
9 140 17 140
9 152 18 152
9 156 10 159
9 160 19 160
9 164 16 164
9 165 17 165
9 170 18 170
9 178 20 178
9 187 18 187
9 188 18 188
9 199 16 199
9 208 13 209
9 210 17 210
9 223 11 225
9 229 18 229
9 232 16 232
9 235 16 235
10 1 18 1
10 13 18 13
10 17 19 17
10 19 19 19
10 23 21 23
10 39 17 39
10 41 21 41
10 44 18 44
10 48 18 48
10 53 17 53
10 71 20 71
10 73 17 73
10 89 18 89
10 132 17 132
10 136 18 136
10 147 13 148
10 151 20 151
10 166 14 167
10 179 21 179
10 181 18 181
10 197 20 197
10 198 17 198
10 211 17 211
10 212 21 212
10 214 17 214
10 234 19 234
10 240 18 240
10 248 17 248
10 249 17 249
11 5 22 5
11 8 22 8
11 14 15 15
11 18 22 18
11 38 20 38
11 42 19 42
11 82 22 82
11 88 19 88
11 114 20 114
11 115 21 115
11 121 20 121
11 150 20 150
11 156 14 157
11 158 19 158
11 159 21 159
11 195 18 195
11 196 19 196
11 204 19 204
11 213 22 213
11 215 21 215
11 226 22 226
11 233 18 233
12 11 20 11
12 24 19 24
12 34 19 34
12 40 23 40
12 49 23 49
12 51 20 51
12 65 21 65
12 66 20 66
12 72 22 72
12 79 17 80
12 84 23 84
12 85 22 85
12 95 15 96
12 97 19 97
12 98 20 98
12 117 16 118
12 128 21 128
12 149 19 149
12 171 21 171
12 174 15 175
12 177 20 177
12 190 21 190
12 200 15 201
12 205 16 206
12 207 21 207
12 219 20 219
12 223 20 223
12 224 15 225
12 227 17 228
12 245 19 245
12 246 22 246
13 2 16 3
13 45 16 46
13 50 24 50
13 67 22 67
13 68 23 68
13 104 20 104
13 105 20 105
13 107 21 107
13 116 20 116
13 127 20 127
13 133 24 133
13 144 23 144
13 146 22 146
13 155 23 155
13 161 24 161
13 163 22 163
13 168 24 168
13 184 22 184
13 186 22 186
13 193 21 193
13 194 22 194
13 202 24 202
13 217 21 217
13 236 17 237
13 239 21 239
13 241 24 241
14 9 21 9
14 10 24 10
14 16 25 16
14 35 22 35
14 83 25 83
14 100 21 100
14 101 23 101
14 106 21 106
14 147 19 148
14 172 22 172
14 173 22 173
14 183 25 183
14 185 22 185
14 203 22 203
14 208 24 208
14 220 25 220
14 230 22 230
15 21 19 22
15 32 22 32
15 33 24 33
15 54 23 54
15 78 26 78
15 86 25 86
15 92 22 92
15 102 23 102
15 112 22 112
15 126 24 126
15 129 26 129
15 134 18 135
15 139 25 139
15 143 23 143
15 156 18 157
15 162 26 162
15 166 24 166
15 169 22 169
15 182 22 182
15 238 22 238
16 12 26 12
16 14 27 14
16 15 24 15
16 20 24 20
16 36 24 36
16 59 25 59
16 62 23 62
16 69 27 69
16 75 27 75
16 87 25 87
16 95 26 95
16 96 25 96
16 111 27 111
16 122 26 122
16 138 24 138
16 141 24 141
16 167 27 167
16 174 23 174
16 175 26 175
16 180 23 180
16 189 23 189
16 191 23 191
16 192 23 192
16 200 24 200
16 201 25 201
16 218 25 218
16 225 25 225
16 244 26 244
17 2 24 2
17 3 24 3
17 4 25 4
17 25 25 25
17 27 24 27
17 29 19 31
17 45 22 46
17 52 26 52
17 60 24 60
17 64 28 64
17 77 24 77
17 90 21 91
17 110 26 110
17 117 19 119
17 130 21 131
17 153 26 153
17 164 24 164
17 199 25 199
17 205 27 205
17 206 25 206
17 224 28 224
17 232 25 232
17 235 26 235
17 242 28 242
17 247 26 247
18 7 29 7
18 39 25 39
18 43 25 43
18 47 28 47
18 53 26 53
18 55 27 55
18 56 22 57
18 58 25 58
18 61 25 61
18 73 27 73
18 74 25 74
18 76 26 76
18 79 22 80
18 99 25 99
18 103 29 103
18 109 25 109
18 123 26 123
18 125 26 125
18 132 26 132
18 137 29 137
18 140 25 140
18 142 29 142
18 145 27 145
18 165 29 165
18 209 23 210
18 211 29 211
18 227 21 228
18 236 25 236
18 237 29 237
18 243 29 243
18 248 21 249
19 0 23 1
19 6 26 6
19 13 27 13
19 26 26 26
19 48 26 48
19 63 29 63
19 81 26 81
19 89 26 89
19 94 26 94
19 108 27 108
19 134 24 135
19 156 28 156
19 157 27 157
19 181 26 181
19 187 27 187
19 188 29 188
19 195 28 195
19 198 30 198
19 216 26 216
19 221 27 221
19 229 29 229
20 17 29 17
20 19 27 19
20 21 24 22
20 24 29 24
20 29 22 31
20 34 27 34
20 42 28 42
20 70 31 70
20 88 28 88
20 97 29 97
20 113 27 113
20 117 31 117
20 118 30 118
20 119 29 119
20 136 31 136
20 147 27 147
20 148 28 148
20 149 28 149
20 152 31 152
20 158 28 158
20 176 30 176
20 196 27 196
20 222 27 222
20 231 31 231
20 233 24 234
20 245 27 245
21 11 29 11
21 37 24 38
21 44 32 44
21 51 31 51
21 66 30 66
21 71 30 71
21 93 32 93
21 98 30 98
21 104 28 104
21 105 28 105
21 114 28 114
21 116 31 116
21 120 30 120
21 121 31 121
21 127 30 127
21 150 28 150
21 151 30 151
21 154 32 154
21 170 32 170
21 177 30 177
21 178 28 178
21 197 31 197
21 219 32 219
22 9 32 9
22 23 29 23
22 28 33 28
22 41 29 41
22 65 30 65
22 90 25 91
22 100 29 100
22 106 30 106
22 107 32 107
22 115 29 115
22 128 29 128
22 130 33 130
22 159 31 159
22 171 29 171
22 179 32 179
22 193 29 193
22 204 33 204
22 212 30 212
22 214 25 215
22 217 30 217
22 227 31 227
22 228 32 228
22 239 29 239
22 240 33 240
22 248 29 248
22 249 32 249
23 5 34 5
23 8 33 8
23 18 32 18
23 29 25 31
23 32 30 32
23 45 32 45
23 46 31 46
23 56 30 56
23 57 33 57
23 72 34 72
23 79 26 80
23 82 30 82
23 85 31 85
23 92 33 92
23 112 30 112
23 146 34 146
23 163 33 163
23 172 30 172
23 173 31 173
23 182 31 182
23 184 25 186
23 194 32 194
23 203 31 203
23 207 34 207
23 213 30 213
23 226 33 226
23 230 31 230
23 238 30 238
23 246 32 246
24 0 33 0
24 1 34 1
24 40 34 40
24 49 32 49
24 54 34 54
24 62 31 62
24 67 35 67
24 68 34 68
24 84 33 84
24 101 32 101
24 102 31 102
24 143 28 144
24 155 31 155
24 174 32 174
24 180 33 180
24 189 31 189
24 190 26 192
24 209 32 209
24 210 31 210
25 3 33 3
25 10 35 10
25 15 34 15
25 20 28 21
25 27 32 27
25 33 35 33
25 35 27 37
25 38 34 38
25 50 36 50
25 60 33 60
25 77 33 77
25 126 36 126
25 133 27 135
25 138 33 138
25 141 34 141
25 161 32 161
25 164 35 164
25 166 34 166
25 168 33 168
25 200 34 200
25 202 33 202
25 233 28 234
25 241 35 241
26 2 37 2
26 16 34 16
26 25 35 25
26 29 28 31
26 39 34 39
26 43 35 43
26 58 33 58
26 59 33 59
26 61 34 61
26 74 37 74
26 83 37 83
26 86 30 87
26 90 30 91
26 96 33 96
26 109 34 109
26 124 37 124
26 139 35 139
26 183 33 183
26 184 33 184
26 185 29 186
26 201 36 201
26 206 34 206
26 214 29 215
26 218 33 218
26 220 33 220
26 223 37 223
26 236 37 236
27 6 34 6
27 12 34 12
27 26 35 26
27 48 34 48
27 52 30 53
27 76 35 76
27 78 34 78
27 79 30 80
27 89 34 89
27 94 35 94
27 95 34 95
27 110 37 110
27 122 30 123
27 125 34 125
27 131 38 131
27 162 35 162
27 181 34 181
27 190 36 190
27 191 37 191
27 192 36 192
27 216 37 216
27 232 38 232
27 235 38 235
27 244 34 244
27 247 38 247
28 14 39 14
28 19 37 19
28 22 39 22
28 34 36 34
28 35 32 36
28 37 35 37
28 55 36 55
28 69 36 69
28 73 38 73
28 75 36 75
28 99 39 99
28 108 37 108
28 111 37 111
28 129 39 129
28 132 31 133
28 134 36 134
28 135 35 135
28 140 39 140
28 145 35 145
28 147 39 147
28 157 37 157
28 160 39 160
28 167 35 167
28 187 37 187
28 196 38 196
28 205 38 205
28 221 35 221
28 222 38 222
28 245 35 245
29 13 40 13
29 20 37 20
29 29 33 30
29 31 36 31
29 42 36 42
29 47 36 47
29 64 38 64
29 88 38 88
29 104 38 104
29 113 34 114
29 143 39 143
29 144 38 144
29 148 36 148
29 149 32 150
29 156 40 156
29 158 40 158
29 169 40 169
29 178 36 178
29 208 40 208
29 224 33 225
29 233 37 233
29 234 38 234
29 242 38 242
30 7 37 7
30 11 37 11
30 17 38 17
30 21 41 21
30 23 37 23
30 24 41 24
30 41 37 41
30 63 38 63
30 97 37 97
30 100 38 100
30 103 38 103
30 115 41 115
30 128 37 128
30 137 37 137
30 142 37 142
30 165 39 165
30 171 41 171
30 185 33 186
30 188 38 188
30 193 38 193
30 211 39 211
30 214 33 215
30 229 38 229
30 237 37 237
30 239 38 239
30 243 40 243
30 248 41 248
31 32 38 32
31 52 41 52
31 56 42 56
31 65 38 65
31 66 40 66
31 71 42 71
31 79 39 79
31 80 38 80
31 81 35 82
31 86 35 87
31 90 42 90
31 91 38 91
31 98 40 98
31 105 42 105
31 106 39 106
31 112 39 112
31 118 38 118
31 119 34 120
31 122 34 123
31 127 39 127
31 151 40 151
31 172 42 172
31 176 41 176
31 177 41 177
31 198 39 198
31 212 35 213
31 217 41 217
32 62 42 62
32 85 39 85
32 102 39 102
32 116 40 116
32 117 39 117
32 121 39 121
32 133 42 133
32 136 39 136
32 152 40 152
32 155 41 155
32 159 43 159
32 173 39 173
32 182 41 182
32 197 39 197
32 203 40 203
32 210 41 210
32 227 43 227
32 230 39 230
32 231 39 231
33 9 41 9
33 18 41 18
33 27 40 27
33 35 42 35
33 36 43 36
33 44 40 44
33 49 40 49
33 51 44 51
33 53 44 53
33 93 42 93
33 101 42 101
33 107 40 107
33 149 41 149
33 150 41 150
33 154 40 154
33 161 43 161
33 170 42 170
33 174 42 174
33 179 42 179
33 189 44 189
33 194 40 194
33 209 40 209
33 219 42 219
33 228 40 228
33 238 44 238
33 246 41 246
33 249 43 249
34 3 44 3
34 8 41 8
34 28 43 28
34 29 44 29
34 30 42 30
34 57 36 59
34 60 41 60
34 70 45 70
34 77 41 77
34 92 43 92
34 130 43 130
34 138 43 138
34 163 41 163
34 168 44 168
34 180 42 180
34 183 43 183
34 184 43 184
34 185 38 186
34 202 45 202
34 214 41 214
34 215 42 215
34 218 42 218
34 220 42 220
34 224 42 224
34 225 39 226
34 240 45 240
35 0 39 1
35 4 37 6
35 12 42 12
35 15 44 15
35 16 44 16
35 38 42 38
35 39 46 39
35 48 46 48
35 54 42 54
35 61 44 61
35 68 42 68
35 78 43 78
35 84 46 84
35 89 43 89
35 95 44 95
35 109 43 109
35 114 45 114
35 119 38 120
35 122 42 122
35 123 43 123
35 125 43 125
35 141 46 141
35 146 44 146
35 166 43 166
35 181 42 181
35 195 46 195
35 199 46 199
35 200 42 200
35 204 46 204
35 206 38 207
35 244 43 244
36 25 39 26
36 33 44 33
36 37 46 37
36 43 44 43
36 45 41 46
36 67 43 67
36 72 47 72
36 76 44 76
36 81 39 82
36 86 45 86
36 87 44 87
36 94 45 94
36 135 44 135
36 139 44 139
36 145 43 145
36 162 46 162
36 164 43 164
36 167 46 167
36 213 44 213
36 221 44 221
36 241 43 241
36 245 47 245
37 31 46 31
37 34 44 34
37 42 45 42
37 47 44 47
37 55 45 55
37 57 40 58
37 59 45 59
37 69 45 69
37 75 44 75
37 113 48 113
37 126 44 126
37 134 46 134
37 148 44 148
37 178 48 178
37 190 47 190
37 192 47 192
37 201 47 201
37 212 48 212
38 2 46 2
38 4 41 5
38 6 46 6
38 7 48 7
38 10 41 11
38 19 41 20
38 40 49 40
38 41 45 41
38 50 49 50
38 74 47 74
38 83 49 83
38 96 42 97
38 108 45 108
38 110 47 110
38 111 46 111
38 124 46 124
38 128 46 128
38 137 45 137
38 142 47 142
38 157 45 157
38 187 47 187
38 191 45 191
38 216 47 216
38 223 46 223
38 233 45 233
38 236 45 236
38 237 45 237
39 17 46 17
39 23 50 23
39 32 46 32
39 63 47 63
39 64 47 64
39 65 48 65
39 73 50 73
39 80 47 80
39 88 46 88
39 91 48 91
39 103 42 104
39 118 42 120
39 131 47 131
39 144 47 144
39 153 50 153
39 185 44 186
39 188 49 188
39 193 47 193
39 196 47 196
39 205 42 206
39 207 46 207
39 222 46 222
39 229 50 229
39 232 48 232
39 234 46 234
39 235 46 235
39 239 50 239
39 242 46 242
39 247 50 247
40 1 48 1
40 14 49 14
40 22 49 22
40 25 47 25
40 79 48 79
40 81 47 81
40 82 49 82
40 85 50 85
40 99 49 99
40 102 47 102
40 106 47 106
40 112 49 112
40 117 48 117
40 121 50 121
40 129 49 129
40 136 50 136
40 140 48 140
40 147 48 147
40 160 47 160
40 165 48 165
40 173 47 173
40 197 49 197
40 198 47 198
40 211 47 211
40 225 48 225
40 226 49 226
40 230 50 230
40 231 47 231
41 13 48 13
41 26 52 26
41 27 48 27
41 44 50 44
41 49 49 49
41 57 48 57
41 58 49 58
41 66 52 66
41 98 48 98
41 107 52 107
41 116 48 116
41 151 48 151
41 152 49 152
41 154 52 154
41 156 48 156
41 158 50 158
41 169 48 169
41 194 50 194
41 203 50 203
41 208 50 208
41 209 52 209
41 228 49 228
41 243 51 243
42 0 53 0
42 4 46 5
42 8 44 10
42 11 49 11
42 18 49 18
42 19 44 21
42 24 50 24
42 45 50 45
42 46 52 46
42 52 49 52
42 60 50 60
42 77 50 77
42 115 51 115
42 127 53 127
42 149 53 149
42 150 51 150
42 155 49 155
42 163 50 163
42 171 49 171
42 175 45 176
42 177 51 177
42 182 52 182
42 214 49 214
42 246 49 246
42 248 50 248
43 12 51 12
43 30 52 30
43 35 52 35
43 38 50 38
43 54 51 54
43 62 50 62
43 68 50 68
43 71 51 71
43 90 53 90
43 96 52 96
43 97 54 97
43 100 46 101
43 103 50 103
43 104 51 104
43 105 51 105
43 118 54 118
43 119 50 119
43 120 50 120
43 122 54 122
43 132 47 133
43 170 53 170
43 172 53 172
43 179 51 179
43 180 52 180
43 181 50 181
43 200 51 200
43 205 50 205
43 206 50 206
43 215 51 215
43 218 50 218
43 219 48 220
43 224 51 224
44 28 53 28
44 36 51 36
44 67 53 67
44 78 53 78
44 89 54 89
44 92 52 92
44 93 55 93
44 109 54 109
44 125 52 125
44 138 53 138
44 145 53 145
44 159 52 159
44 161 53 161
44 164 51 164
44 166 53 166
44 174 55 174
44 183 47 184
44 227 53 227
44 241 52 241
45 3 52 3
45 8 47 10
45 15 53 15
45 16 53 16
45 19 47 21
45 29 53 29
45 33 48 34
45 43 53 43
45 47 54 47
45 51 52 51
45 61 52 61
45 75 52 75
45 76 54 76
45 87 55 87
45 95 52 95
45 123 56 123
45 126 54 126
45 130 56 130
45 139 54 139
45 143 56 143
45 146 52 146
45 148 52 148
45 168 53 168
45 185 48 186
45 213 53 213
45 221 54 221
45 238 52 238
46 41 53 41
46 42 53 42
46 53 57 53
46 55 55 55
46 59 53 59
46 69 53 69
46 70 55 70
46 86 53 86
46 94 54 94
46 108 54 108
46 114 53 114
46 135 57 135
46 137 53 137
46 157 56 157
46 176 55 176
46 189 57 189
46 191 53 191
46 217 57 217
46 233 54 233
46 236 55 236
46 244 57 244
47 2 57 2
47 4 50 5
47 6 54 6
47 17 54 17
47 31 56 31
47 37 54 37
47 39 55 39
47 48 55 48
47 56 58 56
47 84 55 84
47 88 54 88
47 100 50 101
47 111 57 111
47 124 56 124
47 128 55 128
47 134 54 134
47 141 56 141
47 162 54 162
47 167 55 167
47 195 55 195
47 199 55 199
47 202 58 202
47 204 55 204
47 222 56 222
47 223 55 223
47 235 54 235
47 242 55 242
48 8 50 10
48 19 57 19
48 20 59 20
48 21 56 21
48 25 57 25
48 32 59 32
48 63 51 64
48 72 55 72
48 74 55 74
48 80 51 81
48 106 55 106
48 110 55 110
48 131 56 131
48 132 52 133
48 142 57 142
48 144 56 144
48 160 57 160
48 183 55 183
48 184 55 184
48 187 55 187
48 192 51 193
48 196 58 196
48 198 56 198
48 201 59 201
48 210 53 211
48 216 56 216
48 231 56 231
48 249 59 249
49 1 56 1
49 7 59 7
49 13 58 13
49 27 57 27
49 33 58 33
49 34 60 34
49 57 56 57
49 65 59 65
49 79 57 79
49 91 58 91
49 98 56 98
49 113 57 113
49 116 56 116
49 117 57 117
49 140 58 140
49 147 59 147
49 151 58 151
49 165 57 165
49 169 58 169
49 173 60 173
49 178 60 178
49 185 56 185
49 186 57 186
49 212 59 212
49 219 53 220
49 225 57 225
49 232 57 232
49 234 60 234
49 245 60 245
50 11 60 11
50 14 58 14
50 22 60 22
50 40 59 40
50 50 58 50
50 58 61 58
50 82 53 83
50 99 58 99
50 102 61 102
50 112 59 112
50 155 57 155
50 171 58 171
50 188 60 188
50 197 61 197
50 207 61 207
50 214 58 214
50 246 58 246
51 4 60 4
51 5 60 5
51 8 58 8
51 9 54 10
51 23 55 24
51 38 59 38
51 44 54 45
51 60 58 60
51 68 60 68
51 73 60 73
51 85 59 85
51 100 58 100
51 101 61 101
51 103 59 103
51 119 54 120
51 136 60 136
51 153 59 153
51 158 58 158
51 163 58 163
51 181 62 181
51 194 60 194
51 203 59 203
51 205 54 206
51 208 60 208
51 218 61 218
51 228 54 229
51 230 61 230
51 237 62 237
51 239 62 239
51 247 59 247
51 248 60 248
52 12 59 12
52 36 60 36
52 52 63 52
52 54 62 54
52 63 61 63
52 64 60 64
52 71 61 71
52 80 59 80
52 81 61 81
52 104 59 104
52 105 59 105
52 115 59 115
52 129 63 129
52 150 60 150
52 164 60 164
52 175 63 175
52 177 61 177
52 179 59 179
52 192 59 192
52 193 62 193
52 200 61 200
52 215 59 215
52 224 60 224
52 226 63 226
53 3 62 3
53 30 60 30
53 46 60 46
53 49 64 49
53 51 61 51
53 61 62 61
53 66 63 66
53 75 61 75
53 95 60 95
53 96 61 96
53 107 63 107
53 125 60 125
53 132 57 133
53 146 62 146
53 148 64 148
53 154 62 154
53 159 64 159
53 180 64 180
53 182 61 182
53 209 64 209
53 238 63 238
53 240 56 241
53 243 64 243
54 0 63 0
54 15 65 15
54 16 62 16
54 28 64 28
54 29 62 29
54 41 56 43
54 67 61 67
54 69 62 69
54 77 57 78
54 82 57 83
54 86 62 86
54 90 63 90
54 114 62 114
54 127 62 127
54 137 61 137
54 138 61 138
54 145 62 145
54 149 61 149
54 161 63 161
54 168 64 168
54 172 62 172
54 191 63 191
54 210 62 210
54 211 63 211
54 213 61 213
54 219 61 219
54 220 62 220
54 227 62 227
55 9 62 9
55 10 62 10
55 17 59 18
55 37 62 37
55 44 58 45
55 47 64 47
55 76 66 76
55 88 63 88
55 89 65 89
55 94 63 94
55 108 60 109
55 118 64 118
55 119 63 119
55 120 58 121
55 122 62 122
55 126 64 126
55 134 62 134
55 152 66 152
55 162 62 162
55 190 66 190
55 205 62 205
55 206 63 206
55 221 63 221
55 229 63 229
55 233 62 233
55 235 62 235
56 23 63 23
56 24 63 24
56 26 67 26
56 39 66 39
56 48 64 48
56 55 64 55
56 72 63 72
56 74 63 74
56 87 63 87
56 92 67 92
56 93 64 93
56 97 67 97
56 106 67 106
56 110 66 110
56 139 67 139
56 156 67 156
56 167 65 167
56 174 64 174
56 176 63 176
56 183 60 184
56 195 65 195
56 204 63 204
56 223 63 223
56 242 64 242
57 31 64 31
57 41 64 41
57 42 67 42
57 57 67 57
57 98 66 98
57 123 61 124
57 128 68 128
57 130 64 130
57 131 64 131
57 141 68 141
57 143 67 143
57 144 67 144
57 157 66 157
57 185 64 185
57 198 68 198
57 216 67 216
57 222 68 222
57 231 68 231
57 241 65 241
58 2 65 2
58 19 66 19
58 25 65 25
58 27 67 27
58 35 69 35
58 53 68 53
58 59 69 59
58 62 69 62
58 70 69 70
58 77 60 79
58 82 66 82
58 83 61 84
58 111 65 111
58 113 66 113
58 117 69 117
58 132 61 133
58 135 65 135
58 142 69 142
58 155 65 155
58 160 68 160
58 165 66 165
58 186 65 186
58 187 69 187
58 189 65 189
58 199 69 199
58 217 66 217
58 225 67 225
58 232 65 232
58 240 69 240
58 244 65 244
59 8 66 8
59 13 62 14
59 33 70 33
59 43 64 44
59 45 68 45
59 56 66 56
59 60 68 60
59 91 68 91
59 99 62 100
59 120 67 120
59 121 68 121
59 140 69 140
59 151 67 151
59 158 69 158
59 163 68 163
59 169 69 169
59 171 68 171
59 196 67 196
59 202 67 202
59 214 68 214
59 246 66 246
60 1 71 1
60 6 64 7
60 12 68 12
60 17 63 18
60 20 67 20
60 32 69 32
60 40 67 40
60 50 71 50
60 65 67 65
60 80 67 80
60 85 71 85
60 103 62 105
60 112 67 112
60 147 67 147
60 153 70 153
60 179 68 179
60 201 70 201
60 203 68 203
60 212 68 212
60 215 71 215
60 247 67 247
60 249 69 249
61 4 71 4
61 5 70 5
61 11 70 11
61 21 64 22
61 30 70 30
61 36 68 36
61 38 72 38
61 46 68 46
61 64 72 64
61 68 71 68
61 73 68 73
61 77 63 79
61 95 68 95
61 108 68 108
61 109 71 109
61 125 72 125
61 136 68 136
61 150 71 150
61 164 70 164
61 166 72 166
61 173 68 173
61 178 69 178
61 183 68 183
61 184 68 184
61 188 69 188
61 194 69 194
61 208 70 208
61 224 68 224
61 234 68 234
61 245 70 245
61 248 69 248
62 34 73 34
62 63 71 63
62 67 72 67
62 71 70 71
62 75 69 75
62 81 70 81
62 83 70 83
62 84 73 84
62 96 73 96
62 101 69 101
62 102 70 102
62 116 73 116
62 123 65 124
62 132 73 132
62 133 70 133
62 137 69 137
62 149 69 149
62 177 72 177
62 197 72 197
62 200 73 200
62 207 70 207
62 213 69 213
62 218 71 218
62 219 70 219
62 228 73 228
62 230 69 230
63 3 70 3
63 9 70 9
63 10 74 10
63 13 70 13
63 14 72 14
63 16 72 16
63 29 70 29
63 37 72 37
63 51 74 51
63 54 73 54
63 61 73 61
63 69 71 69
63 86 70 86
63 99 70 99
63 103 65 105
63 114 67 115
63 122 74 122
63 127 70 127
63 138 74 138
63 145 70 145
63 146 70 146
63 162 72 162
63 172 72 172
63 181 71 181
63 192 68 193
63 205 71 205
63 210 70 210
63 220 72 220
63 227 70 227
63 233 70 233
63 235 74 235
64 0 72 0
64 17 73 17
64 18 73 18
64 23 69 24
64 58 75 58
64 66 72 66
64 72 72 72
64 74 72 74
64 77 66 79
64 87 71 87
64 90 74 90
64 94 71 94
64 107 73 107
64 129 72 129
64 161 71 161
64 175 68 176
64 191 74 191
64 204 71 204
64 206 73 206
64 211 74 211
64 221 72 221
64 223 74 223
64 226 73 226
64 229 73 229
64 237 68 238
65 7 74 7
65 28 74 28
65 31 72 31
65 41 75 41
65 44 73 44
65 47 67 49
65 55 74 55
65 93 72 93
65 118 72 118
65 126 72 126
65 130 72 130
65 148 73 148
65 159 75 159
65 168 75 168
65 174 73 174
65 180 75 180
65 242 72 242
65 243 72 243
66 2 75 2
66 6 77 6
66 15 73 15
66 21 77 21
66 25 74 25
66 52 77 52
66 88 70 89
66 100 77 100
66 103 73 103
66 111 77 111
66 123 73 123
66 124 73 124
66 131 77 131
66 134 69 135
66 167 76 167
66 186 74 186
66 195 74 195
66 209 77 209
66 232 76 232
66 241 74 241
66 244 73 244
67 8 75 8
67 19 75 19
67 39 74 39
67 56 76 56
67 76 70 77
67 78 74 78
67 79 75 79
67 82 75 82
67 98 78 98
67 104 78 104
67 110 75 110
67 113 78 113
67 152 74 152
67 154 72 155
67 157 75 157
67 165 78 165
67 170 78 170
67 189 70 190
67 217 77 217
67 236 78 236
68 20 75 20
68 26 75 26
68 40 77 40
68 42 75 42
68 47 76 47
68 48 71 49
68 57 76 57
68 80 79 80
68 92 78 92
68 97 77 97
68 105 79 105
68 106 77 106
68 112 75 112
68 114 75 114
68 115 76 115
68 119 71 120
68 139 75 139
68 143 77 143
68 144 77 144
68 147 76 147
68 151 75 151
68 156 78 156
68 202 77 202
68 216 78 216
68 225 77 225
68 246 71 247
69 12 76 12
69 36 77 36
69 45 80 45
69 53 78 53
69 60 80 60
69 91 77 91
69 95 78 95
69 121 79 121
69 136 79 136
69 141 80 141
69 160 80 160
69 163 77 163
69 171 80 171
69 173 79 173
69 175 77 175
69 176 76 176
69 179 78 179
69 183 77 183
69 184 76 184
69 192 76 192
69 193 77 193
69 203 76 203
69 212 76 212
69 214 78 214
69 222 80 222
69 224 80 224
69 231 78 231
69 234 76 234
69 237 78 237
69 238 77 238
70 22 73 23
70 24 79 24
70 32 80 32
70 35 78 35
70 59 79 59
70 62 77 62
70 65 81 65
70 73 81 73
70 101 78 101
70 128 81 128
70 134 73 135
70 137 77 137
70 140 81 140
70 142 78 142
70 149 77 149
70 158 80 158
70 169 77 169
70 178 79 178
70 185 81 185
70 187 78 187
70 188 81 188
70 194 77 194
70 198 73 199
70 213 77 213
70 230 77 230
70 248 77 248
70 249 80 249
71 3 80 3
71 5 80 5
71 9 78 9
71 11 78 11
71 13 82 13
71 30 82 30
71 33 80 33
71 43 82 43
71 46 82 46
71 71 78 71
71 75 73 77
71 81 80 81
71 83 78 83
71 86 78 86
71 88 74 89
71 102 80 102
71 127 80 127
71 133 82 133
71 145 79 145
71 153 81 153
71 164 81 164
71 189 82 189
71 190 81 190
71 207 79 207
71 208 79 208
71 210 81 210
71 219 82 219
71 227 80 227
71 233 81 233
71 239 76 240
71 245 78 245
72 1 81 1
72 4 82 4
72 29 83 29
72 48 75 49
72 63 83 63
72 68 79 68
72 69 80 69
72 85 79 85
72 87 82 87
72 94 83 94
72 99 83 99
72 108 77 109
72 146 83 146
72 150 82 150
72 161 79 161
72 181 83 181
72 204 76 205
72 215 83 215
72 218 81 218
72 246 75 247
73 0 83 0
73 14 82 14
73 16 81 16
73 31 80 31
73 37 80 37
73 50 84 50
73 64 80 64
73 66 80 66
73 72 84 72
73 74 82 74
73 93 80 93
73 118 81 118
73 125 76 126
73 129 83 129
73 130 80 130
73 154 84 154
73 162 83 162
73 166 81 166
73 172 80 172
73 177 84 177
73 196 77 197
73 220 81 220
73 242 76 243
74 15 81 15
74 17 83 17
74 18 81 18
74 22 82 22
74 23 83 23
74 27 85 27
74 34 81 34
74 44 82 44
74 54 81 54
74 61 84 61
74 75 82 75
74 77 83 77
74 84 83 84
74 96 82 96
74 103 84 103
74 107 84 107
74 116 77 117
74 123 82 123
74 124 81 124
74 132 85 132
74 134 82 134
74 135 83 135
74 148 83 148
74 198 83 198
74 199 78 200
74 201 85 201
74 206 81 206
74 226 84 226
74 228 77 229
74 244 83 244
75 7 84 7
75 10 82 10
75 25 83 25
75 28 84 28
75 38 86 38
75 39 86 39
75 51 83 51
75 78 83 78
75 88 84 88
75 89 82 89
75 90 85 90
75 119 86 119
75 138 85 138
75 152 84 152
75 191 83 191
75 211 86 211
75 223 83 223
75 235 83 235
76 2 87 2
76 8 85 8
76 19 80 20
76 26 85 26
76 41 80 42
76 48 80 49
76 58 83 58
76 79 83 79
76 82 84 82
76 110 86 110
76 112 83 112
76 114 83 114
76 122 87 122
76 151 83 151
76 155 87 155
76 157 83 157
76 159 84 159
76 168 84 168
76 174 87 174
76 180 86 180
76 221 87 221
76 246 83 246
76 247 84 247
77 47 88 47
77 55 79 57
77 115 85 115
77 125 80 126
77 139 88 139
77 147 84 147
77 167 84 167
77 176 85 176
77 184 86 184
77 192 85 192
77 203 81 204
77 205 87 205
77 212 85 212
77 232 87 232
77 234 85 234
77 239 78 243
78 6 85 6
78 21 86 21
78 36 87 36
78 40 86 40
78 52 89 52
78 62 88 62
78 91 87 91
78 97 88 97
78 106 85 106
78 108 85 108
78 109 85 109
78 111 88 111
78 116 85 116
78 131 85 131
78 137 86 137
78 143 85 143
78 144 88 144
78 149 87 149
78 163 88 163
78 169 87 169
78 175 86 175
78 183 86 183
78 193 86 193
78 197 86 197
78 202 88 202
78 209 86 209
78 217 85 217
78 225 87 225
78 228 81 229
78 230 88 230
78 238 86 238
78 248 88 248
79 9 86 9
79 11 88 11
79 35 89 35
79 53 86 53
79 70 84 71
79 76 90 76
79 83 90 83
79 92 87 92
79 98 90 98
79 100 90 100
79 101 87 101
79 104 86 104
79 117 90 117
79 142 88 142
79 156 89 156
79 165 88 165
79 170 86 170
79 179 86 179
79 186 90 186
79 187 88 187
79 199 89 199
79 200 90 200
79 213 83 214
79 216 86 216
79 231 86 231
79 236 86 236
79 237 87 237
79 239 87 239
79 240 90 240
79 241 82 242
79 245 87 245
80 24 88 24
80 55 82 57
80 59 88 59
80 80 91 80
80 85 84 86
80 95 91 95
80 105 91 105
80 113 91 113
80 121 88 121
80 136 87 136
80 145 88 145
80 161 91 161
80 173 87 173
80 178 88 178
80 207 89 207
80 208 89 208
81 5 89 5
81 19 88 19
81 20 90 20
81 31 88 31
81 33 90 33
81 37 89 37
81 41 90 41
81 42 89 42
81 48 90 48
81 49 88 49
81 60 90 60
81 64 89 64
81 66 91 66
81 67 92 67
81 68 85 69
81 81 88 81
81 93 89 93
81 125 90 125
81 126 84 127
81 130 89 130
81 141 90 141
81 158 88 158
81 171 90 171
81 172 88 172
81 182 92 182
81 194 92 194
81 222 88 222
81 224 89 224
81 227 89 227
81 249 91 249
82 1 92 1
82 15 86 16
82 18 92 18
82 34 91 34
82 54 90 54
82 65 92 65
82 73 92 73
82 118 90 118
82 124 92 124
82 128 90 128
82 140 89 140
82 153 91 153
82 164 91 164
82 166 90 166
82 188 93 188
82 190 89 190
82 203 90 203
82 206 89 206
82 210 89 210
82 220 90 220
82 228 85 229
82 233 93 233
83 3 86 4
83 12 94 12
83 13 88 14
83 22 90 22
83 30 92 30
83 43 87 44
83 46 94 46
83 55 86 56
83 57 90 57
83 74 94 74
83 75 91 75
83 87 91 87
83 89 90 89
83 96 93 96
83 123 90 123
83 133 90 133
83 134 92 134
83 150 90 150
83 189 94 189
83 195 94 195
83 218 86 219
83 241 86 242
83 243 94 243
84 0 92 0
84 10 95 10
84 17 94 17
84 23 95 23
84 25 93 25
84 29 92 29
84 45 95 45
84 51 91 51
84 58 95 58
84 63 92 63
84 77 87 78
84 79 91 79
84 84 91 84
84 94 92 94
84 112 93 112
84 114 93 114
84 129 92 129
84 135 91 135
84 146 95 146
84 148 95 148
84 157 93 157
84 160 95 160
84 162 92 162
84 181 91 181
84 185 95 185
84 213 91 213
84 214 92 214
84 223 93 223
84 235 94 235
84 244 91 244
85 7 94 7
85 28 94 28
85 50 92 50
85 61 94 61
85 70 92 70
85 71 94 71
85 72 94 72
85 82 92 82
85 85 94 85
85 86 93 86
85 88 93 88
85 99 96 99
85 102 89 103
85 107 92 107
85 120 96 120
85 126 88 127
85 147 93 147
85 154 92 154
85 159 93 159
85 167 89 168
85 177 93 177
85 226 94 226
85 246 89 247
86 6 94 6
86 8 93 8
86 26 93 26
86 27 93 27
86 69 97 69
86 90 97 90
86 106 96 106
86 108 93 108
86 109 93 109
86 115 93 115
86 116 94 116
86 131 93 131
86 132 94 132
86 138 97 138
86 143 94 143
86 151 97 151
86 152 97 152
86 176 93 176
86 191 90 192
86 198 97 198
86 201 97 201
86 212 95 212
86 217 95 217
86 228 94 228
86 229 93 229
86 234 96 234
87 3 90 4
87 9 94 9
87 15 91 16
87 21 94 21
87 32 98 32
87 38 90 40
87 53 96 53
87 55 97 55
87 56 94 56
87 104 97 104
87 119 95 119
87 137 94 137
87 170 96 170
87 179 90 180
87 183 91 184
87 193 97 193
87 196 92 197
87 209 97 209
87 216 97 216
87 218 91 219
87 231 97 231
87 236 95 236
87 238 97 238
87 241 90 242
88 2 96 2
88 36 95 36
88 77 95 77
88 78 95 78
88 91 96 91
88 92 95 92
88 122 97 122
88 136 99 136
88 149 97 149
88 155 99 155
88 169 95 169
88 173 95 173
88 174 95 174
88 204 91 205
88 211 99 211
88 221 95 221
88 225 98 225
88 232 96 232
88 237 95 237
88 239 98 239
88 245 95 245
89 11 99 11
89 13 99 13
89 14 99 14
89 19 99 19
89 24 100 24
89 31 98 31
89 47 97 47
89 49 98 49
89 59 96 59
89 62 99 62
89 81 99 81
89 97 96 97
89 126 92 127
89 139 98 139
89 142 97 142
89 144 97 144
89 145 98 145
89 158 97 158
89 163 96 163
89 172 96 172
89 178 96 178
89 187 100 187
89 202 97 202
89 222 97 222
89 230 96 230
89 248 98 248
90 5 97 5
90 35 98 35
90 37 100 37
90 42 97 42
90 52 97 52
90 64 101 64
90 68 101 68
90 93 97 93
90 102 99 102
90 103 97 103
90 111 101 111
90 130 99 130
90 140 100 140
90 156 101 156
90 167 101 167
90 168 99 168
90 190 98 190
90 199 101 199
90 206 98 206
90 207 101 207
90 208 97 208
90 210 97 210
90 227 99 227
90 247 98 247
91 3 101 3
91 4 98 4
91 33 98 33
91 38 95 39
91 40 98 40
91 41 99 41
91 48 100 48
91 54 98 54
91 57 99 57
91 60 100 60
91 76 100 76
91 83 99 83
91 89 98 89
91 98 101 98
91 100 102 100
91 117 95 118
91 123 100 123
91 125 102 125
91 128 99 128
91 141 98 141
91 165 102 165
91 166 102 166
91 171 102 171
91 175 102 175
91 179 102 179
91 180 98 180
91 186 98 186
91 191 95 192
91 200 99 200
91 215 102 215
91 240 98 240
91 241 95 242
92 34 103 34
92 43 103 43
92 51 99 51
92 66 100 66
92 75 100 75
92 79 95 80
92 84 99 84
92 87 101 87
92 95 100 95
92 101 103 101
92 105 100 105
92 135 100 135
92 153 100 153
92 161 99 161
92 164 99 164
92 181 99 181
92 183 96 184
92 203 96 204
92 205 101 205
92 213 101 213
92 218 99 218
92 219 101 219
92 244 100 244
92 249 101 249
93 1 100 1
93 15 98 16
93 22 104 22
93 29 102 29
93 30 100 30
93 44 104 44
93 50 101 50
93 63 101 63
93 65 102 65
93 67 104 67
93 70 103 70
93 73 101 73
93 82 100 82
93 107 101 107
93 124 102 124
93 126 102 126
93 127 100 127
93 133 98 134
93 154 102 154
93 162 101 162
93 182 103 182
93 194 101 194
93 196 102 196
93 197 101 197
93 214 102 214
93 246 104 246
94 8 103 8
94 25 98 26
94 27 102 27
94 86 102 86
94 94 105 94
94 96 102 96
94 108 96 110
94 112 102 112
94 113 97 114
94 115 103 115
94 131 102 131
94 147 103 147
94 157 105 157
94 159 101 159
94 176 98 177
94 188 104 188
94 220 105 220
94 223 103 223
94 224 105 224
94 229 103 229
94 233 104 233
95 6 99 7
95 9 102 9
95 12 102 12
95 17 102 17
95 20 106 20
95 46 104 46
95 56 103 56
95 61 104 61
95 71 98 72
95 74 102 74
95 85 103 85
95 116 105 116
95 129 106 129
95 137 102 137
95 143 103 143
95 150 106 150
95 189 102 189
95 195 102 195
95 226 105 226
95 228 103 228
95 235 104 235
95 243 105 243
96 10 103 10
96 23 104 23
96 36 103 36
96 39 104 39
96 45 103 45
96 58 107 58
96 77 99 78
96 79 103 79
96 80 103 80
96 88 107 88
96 92 104 92
96 117 100 118
96 119 107 119
96 146 105 146
96 160 104 160
96 169 107 169
96 174 103 174
96 185 106 185
96 191 103 191
96 192 103 192
96 212 104 212
96 221 106 221
96 236 104 236
96 237 106 237
96 241 103 241
96 242 105 242
96 245 106 245
97 2 107 2
97 38 108 38
97 53 104 53
97 59 107 59
97 91 105 91
97 97 106 97
97 108 104 108
97 110 106 110
97 120 100 121
97 132 108 132
97 170 105 170
97 172 105 172
97 178 104 178
97 183 100 184
97 203 106 203
97 204 106 204
97 230 104 230
97 232 104 232
97 234 104 234
98 5 105 5
98 52 107 52
98 69 106 69
98 93 107 93
98 103 101 104
98 106 109 106
98 109 109 109
98 113 102 114
98 122 106 122
98 138 106 138
98 142 105 142
98 144 107 144
98 148 102 149
98 151 105 151
98 152 108 152
98 158 107 158
98 193 106 193
98 198 108 198
98 201 107 201
98 202 105 202
98 208 105 208
98 209 105 209
98 216 101 217
98 231 105 231
99 4 106 4
99 15 106 15
99 16 110 16
99 25 102 26
99 31 106 31
99 32 103 33
99 35 106 35
99 40 110 40
99 49 106 49
99 54 109 54
99 55 110 55
99 71 108 71
99 72 108 72
99 89 102 90
99 133 110 133
99 134 107 134
99 141 106 141
99 145 108 145
99 163 110 163
99 176 110 176
99 177 110 177
99 180 110 180
99 186 108 186
99 190 106 190
99 206 108 206
99 222 110 222
99 225 106 225
99 238 102 239
99 240 108 240
99 247 107 247
99 248 108 248
100 0 111 0
100 6 103 7
100 13 103 14
100 19 107 19
100 28 111 28
100 41 107 41
100 42 111 42
100 51 108 51
100 57 109 57
100 62 111 62
100 77 107 77
100 78 108 78
100 83 110 83
100 84 110 84
100 102 108 102
100 128 110 128
100 130 109 130
100 136 110 136
100 161 109 161
100 164 107 164
100 168 107 168
100 173 111 173
100 181 111 181
100 200 109 200
100 210 104 211
100 218 110 218
100 227 108 227
101 1 109 1
101 21 112 21
101 24 110 24
101 30 108 30
101 37 110 37
101 47 104 48
101 60 112 60
101 66 110 66
101 75 111 75
101 81 104 82
101 105 108 105
101 117 111 117
101 120 109 120
101 121 112 121
101 123 108 123
101 127 110 127
101 135 108 135
101 139 106 140
101 153 111 153
101 183 105 184
101 187 109 187
101 244 110 244
102 3 112 3
102 50 111 50
102 63 106 64
102 68 111 68
102 73 110 73
102 76 113 76
102 87 109 87
102 98 113 98
102 103 109 103
102 104 111 104
102 107 109 107
102 111 110 111
102 155 106 156
102 162 112 162
102 167 112 167
102 194 111 194
102 197 111 197
102 199 111 199
102 205 109 205
102 207 109 207
102 216 105 217
103 9 110 9
103 11 107 12
103 17 112 17
103 25 110 25
103 26 112 26
103 27 110 27
103 65 113 65
103 74 112 74
103 86 110 86
103 89 111 89
103 95 107 96
103 99 107 100
103 112 105 114
103 124 110 124
103 125 110 125
103 126 113 126
103 131 111 131
103 137 111 137
103 148 107 149
103 154 111 154
103 165 114 165
103 166 112 166
103 171 111 171
103 179 113 179
103 189 111 189
103 195 112 195
103 196 110 196
103 213 107 214
103 215 110 215
103 239 113 239
104 6 111 6
104 7 111 7
104 13 111 13
104 14 112 14
104 32 111 32
104 33 112 33
104 34 111 34
104 36 115 36
104 43 111 43
104 45 114 45
104 56 111 56
104 79 111 79
104 80 112 80
104 85 114 85
104 101 112 101
104 115 112 115
104 143 115 143
104 147 113 147
104 174 113 174
104 182 111 182
104 191 111 191
104 192 111 192
104 223 112 223
104 228 111 228
104 229 113 229
104 241 111 241
105 18 116 18
105 22 112 22
105 23 114 23
105 39 112 39
105 44 116 44
105 46 112 46
105 47 109 48
105 53 112 53
105 81 115 81
105 82 112 82
105 92 113 92
105 108 116 108
105 160 115 160
105 188 114 188
105 210 107 212
105 219 116 219
105 230 115 230
105 232 106 235
105 236 112 236
106 5 115 5
106 67 117 67
106 90 109 91
106 94 115 94
106 112 115 112
106 113 113 113
106 114 113 114
106 116 114 116
106 142 113 142
106 146 113 146
106 157 113 157
106 170 114 170
106 172 116 172
106 183 109 184
106 202 114 202
106 208 116 208
106 209 113 209
106 216 111 217
106 220 113 220
106 224 116 224
106 226 113 226
106 231 115 231
106 242 113 242
106 243 115 243
106 246 117 246
107 4 115 4
107 10 118 10
107 15 118 15
107 31 114 31
107 35 114 35
107 63 110 64
107 69 110 70
107 97 114 97
107 110 117 110
107 118 118 118
107 122 114 122
107 129 117 129
107 138 108 141
107 150 110 151
107 156 114 156
107 178 118 178
107 185 115 185
107 190 117 190
107 193 114 193
107 203 116 203
107 204 114 204
107 221 115 221
107 225 114 225
107 232 112 233
107 234 110 235
107 237 110 238
107 245 115 245
108 2 116 2
108 11 119 11
108 19 115 19
108 41 116 41
108 52 116 52
108 58 115 58
108 59 116 59
108 77 117 77
108 88 117 88
108 95 116 95
108 96 116 96
108 99 112 100
108 119 115 119
108 134 118 134
108 144 117 144
108 149 117 149
108 158 117 158
108 159 119 159
108 168 116 168
108 169 118 169
108 175 119 175
108 201 118 201
108 210 110 212
108 213 119 213
108 214 118 214
108 247 116 247
108 249 119 249
109 8 120 8
109 20 120 20
109 30 118 30
109 38 120 38
109 51 119 51
109 61 120 61
109 71 116 71
109 72 116 72
109 93 120 93
109 102 116 102
109 105 117 105
109 123 116 123
109 132 117 132
109 135 120 135
109 138 111 140
109 152 117 152
109 186 117 186
109 198 118 198
109 206 117 206
109 227 117 227
109 240 117 240
109 248 117 248
110 1 117 1
110 29 121 29
110 47 118 47
110 49 121 49
110 54 119 54
110 57 121 57
110 87 117 87
110 91 117 91
110 103 120 103
110 106 119 106
110 107 118 107
110 130 118 130
110 145 121 145
110 148 121 148
110 161 118 161
110 164 121 164
110 183 117 183
110 184 119 184
110 187 118 187
110 200 117 200
110 205 117 205
110 207 118 207
111 9 122 9
111 24 114 25
111 27 118 27
111 37 119 37
111 40 121 40
111 48 122 48
111 55 121 55
111 63 119 63
111 66 120 66
111 69 119 69
111 78 122 78
111 83 118 83
111 84 118 84
111 86 120 86
111 111 119 111
111 120 122 120
111 124 119 124
111 125 120 125
111 127 119 127
111 128 121 128
111 133 121 133
111 136 119 136
111 150 114 151
111 155 122 155
111 163 121 163
111 176 118 176
111 180 119 180
111 196 120 196
111 210 118 210
111 211 114 212
111 218 122 218
111 222 119 222
111 234 115 235
111 237 118 237
111 238 120 238
111 244 119 244
112 0 120 0
112 6 120 6
112 7 119 7
112 13 120 13
112 34 119 34
112 42 115 43
112 50 120 50
112 56 119 56
112 62 123 62
112 68 121 68
112 75 120 75
112 89 120 89
112 104 119 104
112 117 122 117
112 131 120 131
112 137 113 140
112 153 116 154
112 171 120 171
112 173 120 173
112 181 115 182
112 189 121 189
112 191 119 191
112 192 121 192
112 194 123 194
112 197 119 197
112 199 122 199
112 215 114 217
112 228 121 228
112 241 121 241
113 3 120 3
113 14 122 14
113 16 124 16
113 17 121 17
113 21 116 22
113 26 120 26
113 32 117 33
113 39 121 39
113 46 121 46
113 53 123 53
113 73 117 74
113 80 124 80
113 82 124 82
113 99 120 99
113 100 122 100
113 101 120 101
113 109 124 109
113 115 120 115
113 162 121 162
113 166 120 166
113 167 123 167
113 195 123 195
113 223 120 223
113 232 121 232
113 233 120 233
113 236 121 236
114 28 125 28
114 64 119 65
114 76 121 76
114 92 123 92
114 98 121 98
114 113 123 113
114 114 123 114
114 126 124 126
114 137 116 139
114 140 123 140
114 141 125 141
114 146 122 146
114 147 122 147
114 157 122 157
114 174 123 174
114 177 125 177
114 179 124 179
114 209 123 209
114 220 125 220
114 226 121 226
114 229 122 229
114 239 124 239
114 242 121 242
115 23 117 25
115 35 124 35
115 45 122 45
115 85 125 85
115 97 126 97
115 116 126 116
115 142 126 142
115 150 118 151
115 156 123 156
115 165 122 165
115 170 126 170
115 188 125 188
115 193 123 193
115 204 125 204
115 211 122 211
115 212 123 212
115 216 125 216
115 217 124 217
115 225 126 225
116 4 127 4
116 5 126 5
116 19 123 19
116 36 124 36
116 42 120 43
116 58 124 58
116 81 125 81
116 94 123 94
116 112 125 112
116 119 124 119
116 121 121 122
116 143 125 143
116 160 123 160
116 181 120 182
116 185 123 185
116 215 127 215
116 221 123 221
116 230 125 230
116 231 123 231
116 234 119 235
116 243 124 243
116 245 123 245
117 2 124 2
117 18 124 18
117 21 121 22
117 31 128 31
117 41 127 41
117 44 125 44
117 52 126 52
117 59 121 60
117 71 122 72
117 95 124 95
117 96 125 96
117 108 125 108
117 123 124 123
117 137 124 137
117 138 124 138
117 139 127 139
117 153 125 153
117 154 127 154
117 168 128 168
117 172 125 172
117 202 122 203
117 208 125 208
117 219 125 219
117 224 124 224
117 247 125 247
118 23 120 25
118 67 126 67
118 73 123 74
118 77 125 77
118 79 129 79
118 87 125 87
118 88 126 88
118 90 121 91
118 102 129 102
118 110 126 110
118 129 126 129
118 132 127 132
118 144 125 144
118 149 127 149
118 152 125 152
118 158 126 158
118 183 126 183
118 186 129 186
118 190 128 190
118 200 126 200
118 205 121 206
118 227 125 227
118 246 129 246
118 248 128 248
119 1 130 1
119 10 128 10
119 15 128 15
119 27 129 27
119 30 129 30
119 47 126 47
119 83 126 83
119 84 127 84
119 107 129 107
119 118 126 118
119 130 128 130
119 134 126 134
119 150 127 150
119 151 129 151
119 161 126 161
119 176 126 176
119 178 129 178
119 187 127 187
119 198 126 198
119 201 126 201
119 207 128 207
119 210 126 210
119 214 128 214
119 237 129 237
120 7 128 7
120 11 127 11
120 34 129 34
120 37 128 37
120 51 128 51
120 56 129 56
120 63 122 65
120 69 123 70
120 104 124 105
120 106 127 106
120 111 131 111
120 124 127 124
120 127 129 127
120 136 127 136
120 159 128 159
120 175 129 175
120 180 130 180
120 191 128 191
120 213 128 213
120 222 131 222
120 234 129 234
120 235 128 235
120 244 127 244
120 249 127 249
121 0 128 0
121 3 128 3
121 8 132 8
121 12 125 13
121 20 129 20
121 24 131 24
121 25 125 26
121 38 128 38
121 42 130 42
121 43 129 43
121 50 128 50
121 61 130 61
121 66 129 66
121 75 128 75
121 86 130 86
121 89 129 89
121 93 131 93
121 99 129 99
121 101 128 101
121 103 132 103
121 115 130 115
121 125 130 125
121 131 129 131
121 135 130 135
121 171 128 171
121 173 130 173
121 181 130 181
121 182 131 182
121 196 132 196
121 223 129 223
121 233 131 233
121 238 130 238
121 240 132 240
122 6 133 6
122 21 131 21
122 29 130 29
122 39 129 39
122 40 130 40
122 46 129 46
122 49 129 49
122 54 126 55
122 57 130 57
122 59 129 59
122 60 130 60
122 76 129 76
122 90 125 91
122 98 130 98
122 121 132 121
122 122 131 122
122 133 132 133
122 145 129 145
122 148 130 148
122 162 125 163
122 164 129 164
122 189 129 189
122 192 131 192
122 205 125 206
122 226 130 226
122 228 132 228
122 232 130 232
122 241 125 242
123 9 130 9
123 14 132 14
123 23 134 23
123 32 134 32
123 45 130 45
123 48 133 48
123 63 131 63
123 64 127 65
123 68 134 68
123 71 133 71
123 72 132 72
123 78 134 78
123 100 130 100
123 117 132 117
123 120 130 120
123 146 126 147
123 155 131 155
123 157 132 157
123 165 126 166
123 199 131 199
123 202 126 203
123 211 131 211
123 218 130 218
123 236 134 236
124 22 135 22
124 53 134 53
124 62 132 62
124 69 131 69
124 70 133 70
124 73 127 74
124 92 131 92
124 94 133 94
124 113 131 113
124 114 131 114
124 128 135 128
124 140 132 140
124 156 133 156
124 160 131 160
124 167 131 167
124 169 135 169
124 184 127 185
124 193 131 193
124 194 127 195
124 209 132 209
124 212 133 212
124 221 131 221
124 231 135 231
124 245 134 245
125 2 132 2
125 16 132 16
125 17 127 19
125 36 136 36
125 58 134 58
125 80 133 80
125 82 132 82
125 95 132 95
125 104 134 104
125 119 135 119
125 126 133 126
125 137 132 137
125 138 132 138
125 174 136 174
125 179 132 179
125 197 136 197
125 217 132 217
125 224 132 224
125 239 134 239
125 243 134 243
126 12 129 13
126 25 135 25
126 26 133 26
126 28 136 28
126 44 135 44
126 85 133 85
126 87 135 87
126 90 134 90
126 91 134 91
126 96 134 96
126 108 133 108
126 109 137 109
126 112 136 112
126 141 134 141
126 143 129 144
126 152 133 152
126 153 136 153
126 162 137 162
126 172 137 172
126 177 133 177
126 204 130 205
126 206 137 206
126 208 136 208
126 216 133 216
126 219 134 219
126 220 134 220
126 227 135 227
126 230 137 230
126 241 133 241
126 247 135 247
127 5 134 5
127 35 138 35
127 47 136 47
127 52 136 52
127 54 135 54
127 67 134 67
127 83 134 83
127 88 136 88
127 97 134 97
127 105 138 105
127 116 137 116
127 118 137 118
127 129 134 129
127 134 134 134
127 142 136 142
127 146 135 146
127 147 136 147
127 158 136 158
127 161 134 161
127 166 136 166
127 170 137 170
127 176 137 176
127 183 134 183
127 188 138 188
127 198 137 198
127 200 130 201
127 202 134 202
127 203 134 203
127 210 134 210
127 225 134 225
127 229 138 229
127 242 138 242
128 4 135 4
128 11 135 11
128 17 131 19
128 41 137 41
128 55 139 55
128 64 138 64
128 65 136 65
128 74 136 74
128 84 135 84
128 106 135 106
128 123 131 124
128 132 135 132
128 136 136 136
128 139 135 139
128 149 137 149
128 150 136 150
128 154 136 154
128 184 132 185
128 187 135 187
128 195 137 195
128 215 135 215
128 249 139 249
129 0 138 0
129 3 136 3
129 7 136 7
129 10 137 10
129 15 139 15
129 31 136 31
129 37 136 37
129 38 137 38
129 50 133 51
129 73 140 73
129 75 136 75
129 101 138 101
129 130 137 130
129 159 136 159
129 165 140 165
129 168 138 168
129 171 137 171
129 190 137 190
129 191 138 191
129 207 137 207
129 213 132 214
129 235 136 235
130 12 134 13
130 20 140 20
130 27 138 27
130 34 139 34
130 39 140 39
130 43 141 43
130 46 139 46
130 49 138 49
130 56 137 56
130 59 138 59
130 66 141 66
130 76 133 77
130 79 140 79
130 89 139 89
130 99 139 99
130 102 138 102
130 107 139 107
130 131 140 131
130 143 134 144
130 145 139 145
130 163 134 164
130 175 140 175
130 178 140 178
130 186 138 186
130 189 138 189
130 194 141 194
130 223 140 223
130 234 137 234
130 246 138 246
130 248 141 248
131 1 141 1
131 9 139 9
131 29 134 30
131 40 142 40
131 42 141 42
131 45 140 45
131 57 140 57
131 60 139 60
131 61 139 61
131 86 139 86
131 98 138 98
131 100 139 100
131 125 139 125
131 127 142 127
131 135 138 135
131 148 138 148
131 173 139 173
131 180 134 181
131 200 138 200
131 201 139 201
131 204 136 205
131 218 138 218
131 226 139 226
131 238 138 238
131 244 142 244
132 17 134 19
132 21 142 21
132 24 143 24
132 63 139 63
132 69 139 69
132 92 135 93
132 113 140 113
132 114 141 114
132 122 139 122
132 123 135 124
132 151 143 151
132 155 140 155
132 160 140 160
132 167 139 167
132 182 142 182
132 192 140 192
132 199 141 199
132 211 139 211
132 221 139 221
132 232 136 233
133 2 141 2
133 8 142 8
133 16 140 16
133 62 143 62
133 72 140 72
133 82 144 82
133 95 141 95
133 103 140 103
133 115 144 115
133 117 142 117
133 121 140 121
133 133 141 133
133 137 140 137
133 138 142 138
133 140 142 140
133 157 141 157
133 179 143 179
133 184 141 184
133 185 143 185
133 196 140 196
133 209 140 209
133 213 141 213
133 214 144 214
133 217 143 217
133 224 144 224
133 228 140 228
133 240 141 240
134 6 143 6
134 14 145 14
134 26 143 26
134 48 142 48
134 50 143 50
134 51 141 51
134 70 143 70
134 71 142 71
134 76 139 77
134 80 142 80
134 85 142 85
134 94 145 94
134 108 141 108
134 110 139 111
134 120 145 120
134 126 142 126
134 152 144 152
134 212 145 212
134 216 141 216
134 222 145 222
134 241 142 241
135 5 142 5
135 12 145 12
135 13 146 13
135 17 144 17
135 18 138 19
135 23 146 23
135 29 138 30
135 58 143 58
135 67 145 67
135 68 144 68
135 78 145 78
135 83 145 83
135 90 139 91
135 96 139 97
135 104 145 104
135 129 146 129
135 141 143 141
135 143 144 143
135 144 143 144
135 161 142 161
135 163 138 164
135 180 142 180
135 181 143 181
135 183 142 183
135 193 146 193
135 202 144 202
135 203 143 203
135 210 143 210
135 219 143 219
135 220 143 220
135 225 142 225
135 236 145 236
135 239 142 239
136 4 143 4
136 11 143 11
136 22 145 22
136 25 146 25
136 53 147 53
136 54 144 54
136 92 144 92
136 93 145 93
136 106 143 106
136 119 147 119
136 123 145 123
136 124 147 124
136 128 143 128
136 132 143 132
136 139 146 139
136 146 147 146
136 177 147 177
136 187 145 187
136 215 145 215
136 227 143 227
136 247 144 247
137 3 147 3
137 7 147 7
137 31 144 31
137 36 140 37
137 47 148 47
137 52 146 52
137 65 145 65
137 74 141 75
137 87 140 88
137 112 144 112
137 134 148 134
137 136 147 136
137 147 144 147
137 153 146 153
137 154 144 154
137 158 140 159
137 166 146 166
137 204 144 204
137 205 146 205
137 208 144 208
137 231 142 232
137 233 147 233
138 10 145 10
138 32 149 32
138 38 147 38
138 41 146 41
138 44 149 44
138 56 145 56
138 84 149 84
138 109 147 109
138 116 147 116
138 118 146 118
138 130 149 130
138 142 149 142
138 149 147 149
138 162 149 162
138 169 140 171
138 172 148 172
138 176 148 176
138 190 146 190
138 195 148 195
138 197 141 198
138 206 147 206
138 230 145 230
138 234 145 234
138 237 149 237
139 0 148 0
139 18 146 18
139 19 146 19
139 27 148 27
139 28 141 30
139 49 147 49
139 59 146 59
139 64 146 64
139 98 147 98
139 101 148 101
139 102 146 102
139 105 147 105
139 135 146 135
139 148 150 148
139 163 142 164
139 168 149 168
139 186 147 186
139 188 147 188
139 189 149 189
139 191 146 191
139 200 149 200
139 218 147 218
139 229 149 229
139 235 150 235
139 242 147 242
139 246 146 246
140 9 148 9
140 15 147 15
140 33 145 34
140 46 151 46
140 60 147 60
140 61 148 61
140 63 149 63
140 69 149 69
140 77 148 77
140 86 147 86
140 89 143 90
140 96 143 97
140 99 148 99
140 100 148 100
140 107 147 107
140 122 147 122
140 125 151 125
140 145 151 145
140 167 147 167
140 173 147 173
140 201 147 201
140 211 150 211
140 221 149 221
140 245 151 245
140 249 147 249
141 16 150 16
141 20 152 20
141 35 144 37
141 39 149 39
141 45 149 45
141 57 148 57
141 72 148 72
141 76 152 76
141 79 148 79
141 87 144 88
141 103 150 103
141 111 152 111
141 113 149 113
141 121 149 121
141 131 151 131
141 137 148 137
141 158 145 159
141 160 149 160
141 165 148 165
141 169 143 171
141 175 149 175
141 178 150 178
141 192 148 192
141 196 149 196
141 223 149 223
141 228 149 228
142 1 145 2
142 28 147 29
142 30 151 30
142 42 150 42
142 43 151 43
142 51 149 51
142 66 149 66
142 73 144 75
142 81 153 81
142 91 153 91
142 95 150 95
142 108 152 108
142 114 149 114
142 133 149 133
142 155 145 157
142 174 153 174
142 184 149 184
142 194 150 194
142 197 144 199
142 213 149 213
142 216 152 216
142 226 153 226
142 248 150 248
143 21 154 21
143 40 151 40
143 48 150 48
143 80 150 80
143 85 151 85
143 117 152 117
143 127 153 127
143 138 151 138
143 140 150 140
143 150 154 150
143 161 150 161
143 163 151 163
143 164 154 164
143 180 153 180
143 182 151 182
143 183 150 183
143 209 154 209
143 225 150 225
143 232 150 232
143 238 146 239
143 240 147 241
144 4 151 4
144 6 153 6
144 11 153 11
144 24 153 24
144 26 151 26
144 50 154 50
144 55 155 55
144 58 152 58
144 62 152 62
144 70 151 70
144 89 153 89
144 96 153 96
144 97 153 97
144 106 151 106
144 126 155 126
144 128 155 128
144 132 153 132
144 141 152 141
144 144 153 144
144 151 151 151
144 171 152 171
144 185 153 185
144 203 153 203
144 207 155 207
144 210 154 210
144 217 151 217
144 219 155 219
144 220 154 220
144 227 153 227
145 5 156 5
145 17 153 17
145 31 152 31
145 35 149 36
145 37 153 37
145 68 152 68
145 73 147 75
145 82 154 82
145 87 152 87
145 88 155 88
145 92 153 92
145 112 152 112
145 143 152 143
145 147 153 147
145 152 154 152
145 169 156 169
145 197 150 198
145 202 153 202
145 204 156 204
145 208 152 208
145 214 153 214
145 224 155 224
145 247 155 247
146 1 153 1
146 2 155 2
146 10 153 10
146 12 153 12
146 14 153 14
146 22 153 22
146 33 155 33
146 34 154 34
146 56 157 56
146 65 157 65
146 67 156 67
146 71 157 71
146 78 156 78
146 83 153 83
146 93 149 94
146 104 154 104
146 123 155 123
146 155 157 155
146 156 148 158
146 159 156 159
146 187 154 187
146 212 157 212
146 215 155 215
146 222 154 222
146 230 150 231
146 234 153 234
146 243 157 243
147 13 156 13
147 19 156 19
147 23 154 23
147 25 154 25
147 52 155 52
147 54 158 54
147 59 155 59
147 64 156 64
147 90 158 90
147 102 155 102
147 115 158 115
147 118 156 118
147 135 154 135
147 139 156 139
147 153 150 154
147 166 154 166
147 179 158 179
147 190 152 191
147 193 154 193
147 238 156 238
147 246 155 246
148 3 156 3
148 7 157 7
148 8 159 8
148 15 155 15
148 18 159 18
148 28 155 28
148 29 155 29
148 38 155 38
148 49 158 49
148 53 156 53
148 60 155 60
148 73 155 73
148 74 157 74
148 75 158 75
148 86 157 86
148 98 156 98
148 107 156 107
148 109 157 109
148 110 159 110
148 116 155 116
148 119 156 119
148 120 159 120
148 122 159 122
148 124 157 124
148 129 159 129
148 136 155 136
148 146 155 146
148 149 159 149
148 167 157 167
148 173 158 173
148 177 158 177
148 188 155 188
148 199 159 199
148 201 155 201
148 205 159 205
148 206 156 206
148 218 155 218
148 233 156 233
148 239 149 242
148 249 159 249
149 0 156 0
149 9 157 9
149 27 158 27
149 47 158 47
149 57 156 57
149 72 156 72
149 79 157 79
149 99 151 101
149 105 160 105
149 134 159 134
149 137 157 137
149 156 151 158
149 165 159 165
149 170 160 170
149 172 157 172
149 176 157 176
149 192 158 192
149 195 157 195
150 32 161 32
150 35 153 36
150 39 157 39
150 44 157 44
150 45 157 45
150 51 161 51
150 63 157 63
150 66 161 66
150 69 159 69
150 84 161 84
150 93 154 94
150 113 157 113
150 121 157 121
150 130 157 130
150 133 158 133
150 142 157 142
150 160 158 160
150 162 157 162
150 168 157 168
150 175 157 175
150 184 161 184
150 189 157 189
150 196 157 196
150 200 157 200
150 221 161 221
150 228 157 228
150 229 158 229
150 237 161 237
150 239 152 241
150 242 160 242
150 244 161 244
151 16 160 16
151 41 154 42
151 48 162 48
151 61 162 61
151 80 158 80
151 95 161 95
151 103 159 103
151 114 162 114
151 148 160 148
151 153 159 153
151 154 160 154
151 161 158 161
151 178 159 178
151 183 159 183
151 194 158 194
151 197 154 198
151 211 160 211
151 213 162 213
151 225 159 225
151 230 158 230
151 231 154 232
151 235 158 235
151 236 162 236
151 248 160 248
152 4 161 4
152 26 160 26
152 30 159 30
152 43 160 43
152 46 161 46
152 70 159 70
152 85 159 85
152 99 160 99
152 100 161 100
152 101 160 101
152 106 163 106
152 125 160 125
152 131 163 131
152 138 159 138
152 140 163 140
152 151 159 151
152 156 160 156
152 157 160 157
152 158 159 158
152 163 161 163
152 181 156 182
152 217 162 217
153 31 160 31
153 58 164 58
153 62 160 62
153 68 160 68
153 76 161 76
153 77 164 77
153 87 161 87
153 108 161 108
153 111 156 112
153 117 160 117
153 143 161 143
153 171 160 171
153 190 163 190
153 191 161 191
153 208 160 208
153 216 161 216
153 239 155 241
153 245 164 245
154 1 162 1
154 6 162 6
154 10 156 12
154 14 162 14
154 17 161 17
154 22 161 22
154 24 164 24
154 35 159 36
154 37 163 37
154 40 165 40
154 81 162 81
154 83 162 83
154 91 165 91
154 92 164 92
154 96 164 96
154 97 161 97
154 127 161 127
154 132 163 132
154 147 162 147
154 174 164 174
154 180 161 180
154 185 161 185
154 202 161 202
154 203 163 203
154 214 162 214
154 223 165 223
154 226 161 226
154 227 163 227
154 234 162 234
155 20 159 21
155 23 162 23
155 25 163 25
155 34 163 34
155 41 164 41
155 50 162 50
155 82 165 82
155 89 166 89
155 93 163 93
155 94 162 94
155 104 163 104
155 135 164 135
155 144 166 144
155 150 164 150
155 152 164 152
155 166 163 166
155 187 164 187
155 197 163 197
155 209 159 210
155 220 163 220
155 222 162 222
155 231 158 232
156 2 166 2
156 15 167 15
156 28 160 29
156 38 163 38
156 52 166 52
156 55 164 55
156 59 163 59
156 60 163 60
156 73 167 73
156 88 164 88
156 102 164 102
156 116 164 116
156 126 163 126
156 128 164 128
156 136 163 136
156 145 160 146
156 188 164 188
156 201 167 201
156 207 165 207
156 215 163 215
156 218 163 218
156 219 163 219
156 224 165 224
156 239 160 240
156 241 163 241
156 246 163 246
156 247 167 247
157 3 167 3
157 5 166 5
157 10 164 10
157 11 160 12
157 13 168 13
157 19 164 19
157 53 166 53
157 57 164 57
157 64 164 64
157 67 164 67
157 72 165 72
157 98 164 98
157 107 164 107
157 111 161 112
157 118 160 119
157 139 166 139
157 159 165 159
157 169 164 169
157 181 164 181
157 182 164 182
157 204 166 204
157 206 166 206
157 233 164 233
157 238 167 238
158 7 166 7
158 9 167 9
158 39 166 39
158 44 165 44
158 45 166 45
158 56 166 56
158 63 166 63
158 65 165 65
158 71 167 71
158 74 165 74
158 78 163 79
158 109 167 109
158 113 167 113
158 121 167 121
158 123 162 124
158 130 165 130
158 137 167 137
158 141 162 142
158 155 166 155
158 162 167 162
158 167 165 167
158 168 167 168
158 172 165 172
158 175 167 175
158 176 167 176
158 189 165 189
158 195 166 195
158 196 165 196
158 228 168 228
158 243 167 243
159 27 166 27
159 47 168 47
159 49 168 49
159 54 167 54
159 75 166 75
159 80 166 80
159 115 169 115
159 133 166 133
159 160 166 160
159 161 166 161
159 164 170 164
159 177 166 177
159 179 166 179
159 186 170 186
159 192 166 192
159 193 162 194
159 229 160 232
159 235 167 235
160 0 171 0
160 8 169 8
160 20 164 21
160 30 167 30
160 35 171 35
160 36 167 36
160 42 171 42
160 69 168 69
160 85 167 85
160 103 168 103
160 110 169 110
160 120 169 120
160 129 171 129
160 134 168 134
160 138 171 138
160 151 168 151
160 153 169 153
160 158 170 158
160 165 167 165
160 178 168 178
160 183 168 183
160 198 164 199
160 205 167 205
160 210 168 210
160 225 171 225
160 249 167 249
161 11 170 11
161 12 169 12
161 16 168 16
161 18 172 18
161 26 170 26
161 28 164 29
161 31 172 31
161 62 168 62
161 68 172 68
161 99 168 99
161 101 172 101
161 105 170 105
161 117 168 117
161 118 171 118
161 119 168 119
161 122 172 122
161 145 168 145
161 146 168 146
161 148 171 148
161 149 172 149
161 156 165 157
161 170 168 170
161 171 172 171
161 200 172 200
161 208 166 209
161 211 170 211
161 229 164 230
161 231 168 231
161 232 171 232
161 239 165 240
161 242 168 242
161 248 169 248
162 4 172 4
162 22 169 22
162 46 171 46
162 51 170 51
162 66 169 66
162 70 173 70
162 84 171 84
162 86 173 86
162 87 172 87
162 90 173 90
162 95 169 95
162 97 171 97
162 100 170 100
162 108 171 108
162 111 166 112
162 125 173 125
162 127 170 127
162 143 169 143
162 185 169 185
162 191 169 191
162 202 169 202
162 216 172 216
162 221 170 221
162 226 172 226
162 237 172 237
162 244 169 244
163 1 173 1
163 43 174 43
163 48 173 48
163 50 170 50
163 61 171 61
163 76 174 76
163 81 171 81
163 94 173 94
163 114 170 114
163 123 167 124
163 141 174 141
163 142 170 142
163 147 172 147
163 184 174 184
163 193 171 193
163 194 170 194
163 212 165 214
163 217 170 217
163 222 171 222
163 234 172 234
163 236 170 236
164 25 174 25
164 33 169 34
164 37 175 37
164 38 171 38
164 59 175 59
164 60 173 60
164 78 167 79
164 83 175 83
164 93 172 93
164 104 171 104
164 106 175 106
164 126 172 126
164 131 168 132
164 166 173 166
164 180 175 180
164 190 172 190
164 197 172 197
164 203 171 203
164 215 173 215
164 218 167 219
164 220 171 220
164 227 171 227
164 241 172 241
164 246 171 246
165 6 176 6
165 19 173 19
165 20 170 21
165 23 168 24
165 28 173 28
165 29 174 29
165 55 172 55
165 57 174 57
165 58 173 58
165 64 175 64
165 77 173 77
165 88 173 88
165 92 173 92
165 96 173 96
165 98 175 98
165 102 173 102
165 107 172 107
165 116 174 116
165 128 174 128
165 135 172 135
165 136 176 136
165 150 175 150
165 152 176 152
165 163 176 163
165 173 169 174
165 181 176 181
165 182 174 182
165 187 172 187
165 188 175 188
165 198 176 198
165 199 172 199
165 229 174 229
165 230 172 230
165 233 176 233
165 245 174 245
166 10 177 10
166 40 174 40
166 41 177 41
166 44 175 44
166 72 173 72
166 74 177 74
166 82 174 82
166 91 174 91
166 130 174 130
166 156 169 157
166 167 173 167
166 189 175 189
166 207 176 207
166 212 170 213
166 214 174 214
166 223 176 223
166 224 175 224
166 239 170 240
167 7 176 7
167 27 175 27
167 39 178 39
167 52 171 53
167 56 175 56
167 63 178 63
167 75 178 75
167 80 174 80
167 89 174 89
167 111 170 112
167 139 175 139
167 144 177 144
167 155 174 155
167 159 170 160
167 161 177 161
167 177 175 177
167 179 175 179
167 195 177 195
167 196 178 196
167 204 175 204
167 206 177 206
167 208 170 209
168 2 173 3
168 9 176 9
168 15 176 15
168 30 175 30
168 32 179 32
168 36 175 36
168 45 179 45
168 54 177 54
168 71 176 71
168 73 175 73
168 78 176 78
168 79 177 79
168 85 176 85
168 113 176 113
168 121 178 121
168 123 172 124
168 133 179 133
168 137 175 137
168 162 175 162
168 165 176 165
168 168 178 168
168 175 175 175
168 176 175 176
168 201 177 201
168 205 176 205
168 218 172 219
168 235 175 235
168 238 176 238
168 243 176 243
168 249 178 249
169 5 180 5
169 13 177 13
169 16 172 17
169 23 172 24
169 47 176 47
169 49 177 49
169 62 177 62
169 69 178 69
169 99 177 99
169 103 176 103
169 117 180 117
169 131 178 131
169 134 177 134
169 145 172 146
169 151 176 151
169 178 179 178
169 183 177 183
169 228 176 228
169 231 177 231
169 242 176 242
169 247 180 247
170 8 177 8
170 12 177 12
170 22 179 22
170 34 180 34
170 65 173 66
170 95 178 95
170 115 177 115
170 119 174 120
170 153 174 154
170 156 177 156
170 157 177 157
170 169 181 169
170 172 174 173
170 185 179 185
170 191 178 191
170 202 177 202
170 244 177 244
170 248 178 248
171 11 180 11
171 14 182 14
171 20 182 20
171 21 178 21
171 50 174 51
171 100 180 100
171 105 182 105
171 109 176 110
171 111 178 111
171 112 182 112
171 114 179 114
171 127 180 127
171 142 174 143
171 158 174 160
171 164 179 164
171 174 182 174
171 186 178 186
171 194 179 194
171 208 173 210
171 211 179 211
171 212 182 212
171 213 180 213
171 217 180 217
171 221 178 221
171 236 179 236
171 239 182 239
171 240 179 240
172 0 180 0
172 26 183 26
172 35 179 35
172 38 182 38
172 42 179 42
172 46 182 46
172 52 180 52
172 53 179 53
172 61 179 61
172 81 180 81
172 97 179 97
172 104 180 104
172 108 183 108
172 118 181 118
172 129 181 129
172 138 180 138
172 148 180 148
172 192 177 193
172 220 179 220
172 222 179 222
172 232 179 232
172 246 181 246
173 4 181 4
173 16 180 16
173 17 178 18
173 23 176 24
173 31 182 31
173 55 180 55
173 67 178 68
173 93 184 93
173 101 180 101
173 122 177 123
173 126 181 126
173 135 180 135
173 145 182 145
173 146 180 146
173 147 180 147
173 149 182 149
173 170 178 171
173 187 182 187
173 190 183 190
173 199 182 199
173 200 180 200
173 216 180 216
173 218 182 218
173 219 181 219
173 226 183 226
173 230 180 230
173 234 180 234
173 237 184 237
174 1 182 1
174 2 183 2
174 3 184 3
174 19 182 19
174 28 185 28
174 33 185 33
174 58 182 58
174 60 181 60
174 65 177 66
174 70 184 70
174 86 176 88
174 90 181 90
174 92 182 92
174 96 182 96
174 102 184 102
174 107 185 107
174 124 178 125
174 166 178 167
174 208 182 208
174 209 182 209
174 215 181 215
175 40 183 40
175 43 182 43
175 50 179 51
175 57 184 57
175 76 182 76
175 77 186 77
175 80 183 80
175 82 184 82
175 89 182 89
175 91 185 91
175 94 186 94
175 116 182 116
175 119 184 119
175 120 183 120
175 128 182 128
175 130 182 130
175 140 177 143
175 153 178 155
175 158 178 159
175 160 184 160
175 172 183 172
175 173 182 173
175 182 186 182
175 184 186 184
175 210 186 210
175 214 182 214
175 229 184 229
175 245 184 245
176 27 183 27
176 29 181 30
176 36 179 37
176 44 184 44
176 48 187 48
176 56 183 56
176 59 185 59
176 64 184 64
176 72 180 73
176 83 183 83
176 98 185 98
176 106 184 106
176 137 187 137
176 139 183 139
176 150 185 150
176 162 183 162
176 175 179 176
176 177 186 177
176 179 183 179
176 180 184 180
176 188 187 188
176 189 185 189
176 203 181 204
176 224 184 224
176 235 183 235
177 6 185 6
177 7 186 7
177 9 187 9
177 15 184 15
177 23 179 25
177 47 184 47
177 71 185 71
177 78 186 78
177 84 180 85
177 86 185 86
177 87 188 87
177 103 186 103
177 110 185 110
177 113 184 113
177 136 185 136
177 151 184 151
177 152 186 152
177 163 185 163
177 165 184 165
177 181 184 181
177 197 182 198
177 205 185 205
177 207 188 207
177 223 185 223
177 227 180 228
177 233 187 233
177 238 186 238
177 241 180 242
177 243 185 243
178 8 185 8
178 10 185 10
178 12 181 13
178 41 187 41
178 49 188 49
178 54 185 54
178 62 187 62
178 65 182 66
178 74 186 74
178 79 186 79
178 99 188 99
178 109 189 109
178 115 186 115
178 122 181 123
178 134 186 134
178 140 182 141
178 142 181 143
178 144 186 144
178 156 186 156
178 157 186 157
178 183 185 183
178 192 187 192
178 193 186 193
178 195 185 195
178 201 186 201
178 202 187 202
178 206 185 206
178 231 186 231
179 17 184 18
179 39 186 39
179 63 186 63
179 67 182 68
179 69 190 69
179 75 187 75
179 111 188 111
179 121 188 121
179 124 188 124
179 125 187 125
179 131 188 131
179 153 189 153
179 154 187 154
179 158 183 159
179 166 186 166
179 167 182 168
179 170 184 171
179 186 186 186
179 191 187 191
179 196 186 196
179 221 189 221
179 248 182 249
180 21 181 25
180 32 191 32
180 35 183 36
180 37 189 37
180 42 187 42
180 45 189 45
180 50 188 50
180 61 187 61
180 97 187 97
180 114 188 114
180 155 191 155
180 161 191 161
180 164 188 164
180 176 190 176
180 178 191 178
180 185 188 185
180 211 190 211
180 220 191 220
180 232 188 232
180 240 187 240
181 0 191 0
181 5 189 5
181 11 189 11
181 34 189 34
181 51 192 51
181 52 185 53
181 55 188 55
181 72 184 73
181 81 188 81
181 84 185 85
181 100 185 101
181 104 190 104
181 117 189 117
181 127 191 127
181 135 190 135
181 138 191 138
181 146 184 147
181 200 188 200
181 213 190 213
181 216 188 216
181 217 191 217
181 227 190 227
181 228 191 228
181 230 189 230
181 234 190 234
181 236 192 236
181 241 190 241
181 242 191 242
181 244 192 244
181 247 189 247
182 4 189 4
182 12 190 12
182 13 191 13
182 21 183 25
182 29 190 29
182 30 189 30
182 88 193 88
182 90 192 90
182 122 190 122
182 123 190 123
182 126 189 126
182 129 191 129
182 142 186 143
182 169 193 169
182 175 193 175
182 203 189 203
182 204 189 204
182 215 191 215
182 219 189 219
182 222 193 222
182 246 189 246
183 14 191 14
183 19 191 19
183 20 191 20
183 31 194 31
183 38 194 38
183 46 193 46
183 58 190 58
183 60 194 60
183 65 186 67
183 76 191 76
183 89 191 89
183 92 192 92
183 95 194 95
183 96 193 96
183 105 190 105
183 112 194 112
183 116 190 116
183 118 194 118
183 128 193 128
183 130 193 130
183 132 194 132
183 140 187 141
183 145 190 145
183 148 194 148
183 167 194 167
183 168 190 168
183 173 187 174
183 197 186 198
183 199 192 199
183 208 192 208
183 209 191 209
183 212 192 212
183 214 190 214
183 239 190 239
183 248 192 248
183 249 192 249
184 16 195 16
184 21 186 23
184 25 194 25
184 26 188 27
184 35 193 35
184 40 191 40
184 56 192 56
184 83 193 83
184 108 191 108
184 120 195 120
184 133 195 133
184 139 192 139
184 149 195 149
184 158 194 158
184 159 192 159
184 162 192 162
184 179 192 179
184 190 194 190
185 3 192 3
185 15 193 15
185 17 189 18
185 43 188 44
185 47 196 47
185 57 196 57
185 64 192 64
185 70 195 70
185 72 196 72
185 73 194 73
185 80 196 80
185 82 193 82
185 93 192 93
185 102 192 102
185 106 192 106
185 113 193 113
185 119 193 119
185 146 189 147
185 151 196 151
185 165 192 165
185 170 193 170
185 171 196 171
185 172 196 172
185 180 193 180
185 181 194 181
185 187 196 187
185 224 192 224
185 225 196 225
185 226 196 226
185 235 196 235
185 237 195 237
186 6 193 6
186 10 197 10
186 28 197 28
186 33 193 33
186 52 189 53
186 54 195 54
186 59 196 59
186 71 193 71
186 84 188 86
186 91 193 91
186 100 190 101
186 107 195 107
186 110 197 110
186 150 194 150
186 163 194 163
186 183 195 183
186 189 195 189
186 195 193 195
186 205 195 205
186 206 193 206
186 223 196 223
186 245 197 245
187 7 195 7
187 21 190 22
187 23 191 24
187 39 194 39
187 63 196 63
187 65 188 68
187 77 195 77
187 78 194 78
187 79 195 79
187 94 196 94
187 103 196 103
187 115 194 115
187 134 196 134
187 142 190 143
187 144 198 144
187 152 194 152
187 156 194 156
187 157 197 157
187 177 194 177
187 182 195 182
187 184 196 184
187 186 194 186
187 193 198 193
187 196 195 196
187 197 190 198
187 201 197 201
187 210 194 210
187 231 194 231
188 2 199 2
188 8 192 9
188 41 191 42
188 48 197 48
188 61 191 62
188 75 197 75
188 97 195 97
188 125 196 125
188 137 196 137
188 140 195 140
188 154 195 154
188 173 199 173
188 174 197 174
188 188 196 188
188 192 195 192
188 202 197 202
188 233 196 233
188 240 197 240
189 26 192 27
189 43 198 43
189 44 197 44
189 49 198 49
189 50 197 50
189 55 196 55
189 65 192 67
189 81 197 81
189 84 193 85
189 86 196 86
189 87 198 87
189 98 194 99
189 121 196 121
189 124 199 124
189 131 197 131
189 164 196 164
189 185 197 185
189 200 196 200
189 207 198 207
189 216 198 216
189 232 197 232
190 4 199 4
190 11 199 11
190 17 193 18
190 30 197 30
190 34 197 34
190 37 197 37
190 45 197 45
190 52 197 52
190 53 197 53
190 109 197 109
190 146 193 147
190 153 199 153
190 203 197 203
190 204 197 204
190 221 199 221
190 230 198 230
190 246 197 246
190 247 197 247
191 21 199 21
191 22 198 22
191 68 195 69
191 100 196 101
191 116 198 116
191 122 198 122
191 141 193 143
191 145 198 145
191 198 198 198
191 213 199 213
191 214 198 214
191 218 196 219
191 234 198 234
191 238 196 239
191 241 198 241
192 0 196 1
192 12 194 14
192 19 197 20
192 23 196 24
192 32 199 32
192 42 199 42
192 61 199 61
192 62 199 62
192 135 197 136
192 138 199 138
192 160 197 161
192 178 199 178
192 217 199 217
192 227 194 229
192 242 197 243
193 8 198 9
193 26 196 27
193 64 194 67
193 89 197 90
193 92 196 93
193 104 195 106
193 165 196 166
193 208 196 209
193 211 197 212
193 248 196 249
194 5 198 6
194 35 199 36
194 82 196 84
194 113 197 114
194 126 195 130
194 141 196 143
194 146 199 147
194 168 198 169
194 175 197 176
194 179 197 180
194 194 197 195
195 12 198 14
195 38 198 40
195 64 198 66
195 95 198 96
195 118 199 119
195 158 199 159
195 227 197 229
196 67 198 69
196 76 197 79
196 104 199 106
196 107 199 108
196 126 197 130
196 139 199 140
196 148 199 149
196 181 199 183
196 189 199 191
197 23 199 26
197 54 198 58
197 70 198 73
197 82 199 85
197 91 199 94
197 97 198 102
197 141 199 143
197 162 199 164
197 218 199 220
197 222 199 225
197 236 199 239
198 74 199 78
198 109 199 113
198 125 198 132
198 184 199 188
198 199 199 203
198 208 199 212
198 242 199 245
199 12 199 20
199 44 199 55
199 63 199 70
199 125 199 132
199 226 199 235
